<?xml version="1.0" encoding="UTF-8"?>
<!-- Generated by org.testng.reporters.JUnitReportReporter -->
<testsuite skipped="0" hostname="DESKTOP-DFBIVRO" name="com.freshproposals.selenium.FeeTable" tests="5" failures="1" timestamp="2020-03-05T09:59:25 IST" time="326.936" errors="0">
  <testcase name="login" time="5.515" classname="com.freshproposals.selenium.FeeTable"/>
  <testcase name="SelectRowType" time="78.995" classname="com.freshproposals.selenium.FeeTable"/>
  <testcase name="AddRowRowDiscountandChangeType" time="63.333" classname="com.freshproposals.selenium.FeeTable"/>
  <testcase name="FeeRowisoptional" time="40.580" classname="com.freshproposals.selenium.FeeTable"/>
  <testcase name="TableDiscount" time="138.513" classname="com.freshproposals.selenium.FeeTable">
    <failure type="java.lang.AssertionError" message="The following asserts failed:
	expected [TableDisc ( 10 % ) 1,000.00] but found [TableDisc ( 10 % )
1,000.00]">
      <![CDATA[java.lang.AssertionError: The following asserts failed:
expected [TableDisc ( 10 % ) 1,000.00] but found [TableDisc ( 10 % )
1,000.00]
at org.testng.asserts.SoftAssert.assertAll(SoftAssert.java:47)
at org.testng.asserts.SoftAssert.assertAll(SoftAssert.java:31)
at com.freshproposals.selenium.FeeTable.TableDiscountReset(FeeTable.java:470)
at com.freshproposals.selenium.FeeTable.TableDiscount(FeeTable.java:384)
at sun.reflect.NativeMethodAccessorImpl.invoke0(Native Method)
at sun.reflect.NativeMethodAccessorImpl.invoke(Unknown Source)
at sun.reflect.DelegatingMethodAccessorImpl.invoke(Unknown Source)
at java.lang.reflect.Method.invoke(Unknown Source)
at org.testng.internal.MethodInvocationHelper.invokeMethod(MethodInvocationHelper.java:133)
at org.testng.internal.TestInvoker.invokeMethod(TestInvoker.java:584)
at org.testng.internal.TestInvoker.invokeTestMethod(TestInvoker.java:172)
at org.testng.internal.MethodRunner.runInSequence(MethodRunner.java:46)
at org.testng.internal.TestInvoker$MethodInvocationAgent.invoke(TestInvoker.java:804)
at org.testng.internal.TestInvoker.invokeTestMethods(TestInvoker.java:145)
at org.testng.internal.TestMethodWorker.invokeTestMethods(TestMethodWorker.java:146)
at org.testng.internal.TestMethodWorker.run(TestMethodWorker.java:128)
at java.util.ArrayList.forEach(Unknown Source)
at org.testng.TestRunner.privateRun(TestRunner.java:770)
at org.testng.TestRunner.run(TestRunner.java:591)
at org.testng.SuiteRunner.runTest(SuiteRunner.java:402)
at org.testng.SuiteRunner.runSequentially(SuiteRunner.java:396)
at org.testng.SuiteRunner.privateRun(SuiteRunner.java:355)
at org.testng.SuiteRunner.run(SuiteRunner.java:304)
at org.testng.SuiteRunnerWorker.runSuite(SuiteRunnerWorker.java:53)
at org.testng.SuiteRunnerWorker.run(SuiteRunnerWorker.java:96)
at org.testng.TestNG.runSuitesSequentially(TestNG.java:1180)
at org.testng.TestNG.runSuitesLocally(TestNG.java:1102)
at org.testng.TestNG.runSuites(TestNG.java:1032)
at org.testng.TestNG.run(TestNG.java:1000)
at org.testng.remote.AbstractRemoteTestNG.run(AbstractRemoteTestNG.java:115)
at org.testng.remote.RemoteTestNG.initAndRun(RemoteTestNG.java:251)
at org.testng.remote.RemoteTestNG.main(RemoteTestNG.java:77)
]]>
    </failure>
  </testcase> <!-- TableDiscount -->
</testsuite> <!-- com.freshproposals.selenium.FeeTable -->
